<?xml version="1.0" encoding="UTF-8"?>
<robot generator="Robot 7.4.1 (Python 3.13.5 on win32)" generated="2026-03-06T08:49:32.999145" rpa="false" schemaversion="5">
<suite id="s1" name="Robotfos" source="C:\Users\Zsiros-JuhaszZalan\Documents\GitHub\robotfos">
<suite id="s1-s1" name="Check" source="C:\Users\Zsiros-JuhaszZalan\Documents\GitHub\robotfos\check.robot">
<test id="s1-s1-t1" name="Üres mezők ellenőrzése" line="7">
<kw name="Login with standard user" owner="LoginKeywords">
<kw name="Open Browser" owner="Selenium2Library">
<msg time="2026-03-06T08:49:33.255540" level="INFO">Opening browser 'chrome' to base url 'https://www.saucedemo.com/'.</msg>
<msg time="2026-03-06T08:49:33.582586" level="WARN">Error sending stats to Plausible: error sending request for url (https://plausible.io/api/event)</msg>
<arg>https://www.saucedemo.com/</arg>
<arg>chrome</arg>
<doc>Opens a new browser instance to the optional ``url``.</doc>
<status status="PASS" start="2026-03-06T08:49:33.255231" elapsed="1.735332"/>
</kw>
<kw name="Sleep" owner="BuiltIn">
<msg time="2026-03-06T08:49:37.991777" level="INFO">Slept 3 seconds.</msg>
<arg>3s</arg>
<doc>Pauses the test executed for the given time.</doc>
<status status="PASS" start="2026-03-06T08:49:34.990798" elapsed="3.001518"/>
</kw>
<kw name="Input Text" owner="Selenium2Library">
<msg time="2026-03-06T08:49:37.994007" level="INFO">Typing text 'standard_user' into text field 'id=user-name'.</msg>
<arg>id=user-name</arg>
<arg>standard_user</arg>
<doc>Types the given ``text`` into the text field identified by ``locator``.</doc>
<status status="PASS" start="2026-03-06T08:49:37.992787" elapsed="0.071672"/>
</kw>
<kw name="Input Password" owner="Selenium2Library">
<msg time="2026-03-06T08:49:38.064933" level="INFO">Typing password into text field 'id=password'.</msg>
<msg time="2026-03-06T08:49:38.081847" level="INFO">Temporally setting log level to: NONE</msg>
<arg>id=password</arg>
<arg>secret_sauce</arg>
<doc>Types the given password into the text field identified by ``locator``.</doc>
<status status="PASS" start="2026-03-06T08:49:38.064647" elapsed="0.044500"/>
</kw>
<kw name="Click Button" owner="Selenium2Library">
<msg time="2026-03-06T08:49:38.109608" level="INFO">Clicking button 'id=login-button'.</msg>
<arg>id=login-button</arg>
<doc>Clicks the button identified by ``locator``.</doc>
<status status="PASS" start="2026-03-06T08:49:38.109353" elapsed="0.064006"/>
</kw>
<status status="PASS" start="2026-03-06T08:49:33.254650" elapsed="4.918859"/>
</kw>
<kw name="Click Element" owner="Selenium2Library">
<msg time="2026-03-06T08:49:38.174119" level="INFO">Clicking element 'class=shopping_cart_link'.</msg>
<arg>class=shopping_cart_link</arg>
<doc>Click the element identified by ``locator``.</doc>
<status status="PASS" start="2026-03-06T08:49:38.173832" elapsed="0.037507"/>
</kw>
<kw name="Click Button" owner="Selenium2Library">
<msg time="2026-03-06T08:49:38.211902" level="INFO">Clicking button 'id=checkout'.</msg>
<arg>id=checkout</arg>
<doc>Clicks the button identified by ``locator``.</doc>
<status status="PASS" start="2026-03-06T08:49:38.211638" elapsed="0.045925"/>
</kw>
<kw name="Input Text" owner="Selenium2Library">
<msg time="2026-03-06T08:49:38.258106" level="INFO">Typing text '"Bence"' into text field 'id=first-name'.</msg>
<arg>id=first-name</arg>
<arg>"Bence"</arg>
<doc>Types the given ``text`` into the text field identified by ``locator``.</doc>
<status status="PASS" start="2026-03-06T08:49:38.257832" elapsed="0.047644"/>
</kw>
<kw name="Input Text" owner="Selenium2Library">
<msg time="2026-03-06T08:49:38.306156" level="INFO">Typing text '"Kiráj"' into text field 'id=last-name'.</msg>
<arg>id=last-name</arg>
<arg>"Kiráj"</arg>
<doc>Types the given ``text`` into the text field identified by ``locator``.</doc>
<status status="PASS" start="2026-03-06T08:49:38.305862" elapsed="0.044340"/>
</kw>
<kw name="Input Text" owner="Selenium2Library">
<msg time="2026-03-06T08:49:38.350823" level="INFO">Typing text '"6067"' into text field 'id=postal-code'.</msg>
<arg>id=postal-code</arg>
<arg>"6067"</arg>
<doc>Types the given ``text`` into the text field identified by ``locator``.</doc>
<status status="PASS" start="2026-03-06T08:49:38.350503" elapsed="0.044030"/>
</kw>
<kw name="Click Button" owner="Selenium2Library">
<msg time="2026-03-06T08:49:38.395218" level="INFO">Clicking button 'id=continue'.</msg>
<arg>id=continue</arg>
<doc>Clicks the button identified by ``locator``.</doc>
<status status="PASS" start="2026-03-06T08:49:38.394868" elapsed="0.048420"/>
</kw>
<kw name="Page Should Contain" owner="Selenium2Library">
<msg time="2026-03-06T08:49:38.550854" level="INFO" html="true">&lt;/td&gt;&lt;/tr&gt;&lt;tr&gt;&lt;td colspan="3"&gt;&lt;a href="selenium-screenshot-6.png"&gt;&lt;img src="selenium-screenshot-6.png" width="800px"&gt;&lt;/a&gt;</msg>
<msg time="2026-03-06T08:49:38.551076" level="FAIL">Page should have contained text 'Error: First Name is required' but did not.</msg>
<arg>text=Error: First Name is required</arg>
<doc>Verifies that current page contains ``text``.</doc>
<status status="FAIL" start="2026-03-06T08:49:38.443601" elapsed="0.142805">Page should have contained text 'Error: First Name is required' but did not.</status>
</kw>
<status status="FAIL" start="2026-03-06T08:49:33.252204" elapsed="5.334658">Page should have contained text 'Error: First Name is required' but did not.</status>
</test>
<status status="FAIL" start="2026-03-06T08:49:33.032478" elapsed="5.561309"/>
</suite>
<status status="FAIL" start="2026-03-06T08:49:33.003283" elapsed="5.592804"/>
</suite>
<statistics>
<total>
<stat pass="0" fail="1" skip="0">All Tests</stat>
</total>
<tag>
</tag>
<suite>
<stat name="Robotfos" id="s1" pass="0" fail="1" skip="0">Robotfos</stat>
<stat name="Check" id="s1-s1" pass="0" fail="1" skip="0">Robotfos.Check</stat>
</suite>
</statistics>
<errors>
<msg time="2026-03-06T08:49:33.582586" level="WARN">Error sending stats to Plausible: error sending request for url (https://plausible.io/api/event)</msg>
</errors>
</robot>
